<?xml version="1.0" encoding="UTF-8"?>
<!-- Generated by org.testng.reporters.JUnitReportReporter -->
<testsuite hostname="ATMECSINLT-087" failures="0" tests="6" name="com.tutorialsninja.TutorialsninjaAutomation.testscripts.HeatClinicFuctionalityTesting" time="24.448" errors="0" timestamp="11 Nov 2019 15:10:00 GMT" skipped="0">
  <testcase classname="com.tutorialsninja.TutorialsninjaAutomation.testscripts.HeatClinicFuctionalityTesting" name="headerRedirectionValidation" time="1.650"/>
  <testcase classname="com.tutorialsninja.TutorialsninjaAutomation.testscripts.HeatClinicFuctionalityTesting" name="headerRedirectionValidation" time="1.484"/>
  <testcase classname="com.tutorialsninja.TutorialsninjaAutomation.testscripts.HeatClinicFuctionalityTesting" name="headerRedirectionValidation" time="2.338"/>
  <testcase classname="com.tutorialsninja.TutorialsninjaAutomation.testscripts.HeatClinicFuctionalityTesting" name="headerRedirectionValidation" time="1.751"/>
  <testcase classname="com.tutorialsninja.TutorialsninjaAutomation.testscripts.HeatClinicFuctionalityTesting" name="headerRedirectionValidation" time="1.827"/>
  <testcase classname="com.tutorialsninja.TutorialsninjaAutomation.testscripts.HeatClinicFuctionalityTesting" name="merchandiseFunctionality" time="15.398"/>
</testsuite> <!-- com.tutorialsninja.TutorialsninjaAutomation.testscripts.HeatClinicFuctionalityTesting -->
