<?xml version="1.0" encoding="UTF-8"?>
<!-- Generated by org.testng.reporters.JUnitReportReporter -->
<testsuite hostname="ATMECSINLT-087" failures="0" tests="6" name="com.tutorialsninja.TutorialsninjaAutomation.testscripts.HeatClinicFuctionalityTesting" time="23.570" errors="0" timestamp="11 Nov 2019 14:09:43 GMT" skipped="0">
  <testcase classname="com.tutorialsninja.TutorialsninjaAutomation.testscripts.HeatClinicFuctionalityTesting" name="headerRedirectionValidation" time="1.368"/>
  <testcase classname="com.tutorialsninja.TutorialsninjaAutomation.testscripts.HeatClinicFuctionalityTesting" name="headerRedirectionValidation" time="2.435"/>
  <testcase classname="com.tutorialsninja.TutorialsninjaAutomation.testscripts.HeatClinicFuctionalityTesting" name="headerRedirectionValidation" time="1.542"/>
  <testcase classname="com.tutorialsninja.TutorialsninjaAutomation.testscripts.HeatClinicFuctionalityTesting" name="headerRedirectionValidation" time="1.912"/>
  <testcase classname="com.tutorialsninja.TutorialsninjaAutomation.testscripts.HeatClinicFuctionalityTesting" name="headerRedirectionValidation" time="2.015"/>
  <testcase classname="com.tutorialsninja.TutorialsninjaAutomation.testscripts.HeatClinicFuctionalityTesting" name="merchandiseFunctionality" time="14.298"/>
</testsuite> <!-- com.tutorialsninja.TutorialsninjaAutomation.testscripts.HeatClinicFuctionalityTesting -->
